<?xml version="1.0" encoding="UTF-8"?>
<robot generator="Robot 6.1.1 (Python 3.13.0 on win32)" generated="20241118 14:53:40.928" rpa="false" schemaversion="4">
<suite id="s1" name="Tests" source="C:\Users\eeron\Yliopisto\Ohjelmistotuotanto\ohtukaksi\osa3\login-robot\src\tests">
<suite id="s1-s1" name="Login" source="C:\Users\eeron\Yliopisto\Ohjelmistotuotanto\ohtukaksi\osa3\login-robot\src\tests\login.robot">
<test id="s1-s1-t1" name="Login With Correct Credentials" line="6">
<kw name="Create User And Input Login Command" type="SETUP">
<kw name="Create User" library="AppLibrary">
<arg>kalle</arg>
<arg>kalle123</arg>
<msg timestamp="20241118 14:53:40.971" level="INFO">Ok
Ok</msg>
<status status="PASS" starttime="20241118 14:53:40.970" endtime="20241118 14:53:40.971"/>
</kw>
<kw name="Input Login Command" library="resource">
<kw name="Input" library="AppLibrary">
<arg>login</arg>
<status status="PASS" starttime="20241118 14:53:40.971" endtime="20241118 14:53:40.971"/>
</kw>
<status status="PASS" starttime="20241118 14:53:40.971" endtime="20241118 14:53:40.971"/>
</kw>
<status status="PASS" starttime="20241118 14:53:40.970" endtime="20241118 14:53:40.971"/>
</kw>
<kw name="Input Credentials" library="resource">
<arg>kalle</arg>
<arg>kalle123</arg>
<kw name="Input" library="AppLibrary">
<arg>${username}</arg>
<status status="PASS" starttime="20241118 14:53:40.971" endtime="20241118 14:53:40.971"/>
</kw>
<kw name="Input" library="AppLibrary">
<arg>${password}</arg>
<status status="PASS" starttime="20241118 14:53:40.971" endtime="20241118 14:53:40.971"/>
</kw>
<kw name="Run Application" library="AppLibrary">
<status status="PASS" starttime="20241118 14:53:40.971" endtime="20241118 14:53:40.972"/>
</kw>
<status status="PASS" starttime="20241118 14:53:40.971" endtime="20241118 14:53:40.972"/>
</kw>
<kw name="Output Should Contain" library="AppLibrary">
<arg>Logged in</arg>
<status status="PASS" starttime="20241118 14:53:40.972" endtime="20241118 14:53:40.972"/>
</kw>
<status status="PASS" starttime="20241118 14:53:40.970" endtime="20241118 14:53:40.972"/>
</test>
<test id="s1-s1-t2" name="Login With Incorrect Password" line="10">
<kw name="Create User And Input Login Command" type="SETUP">
<kw name="Create User" library="AppLibrary">
<arg>kalle</arg>
<arg>kalle123</arg>
<msg timestamp="20241118 14:53:40.972" level="INFO">Ok
Ok</msg>
<status status="PASS" starttime="20241118 14:53:40.972" endtime="20241118 14:53:40.972"/>
</kw>
<kw name="Input Login Command" library="resource">
<kw name="Input" library="AppLibrary">
<arg>login</arg>
<status status="PASS" starttime="20241118 14:53:40.972" endtime="20241118 14:53:40.972"/>
</kw>
<status status="PASS" starttime="20241118 14:53:40.972" endtime="20241118 14:53:40.972"/>
</kw>
<status status="PASS" starttime="20241118 14:53:40.972" endtime="20241118 14:53:40.972"/>
</kw>
<kw name="Input Credentials" library="resource">
<arg>kalle</arg>
<arg>pekka123</arg>
<kw name="Input" library="AppLibrary">
<arg>${username}</arg>
<status status="PASS" starttime="20241118 14:53:40.973" endtime="20241118 14:53:40.973"/>
</kw>
<kw name="Input" library="AppLibrary">
<arg>${password}</arg>
<status status="PASS" starttime="20241118 14:53:40.973" endtime="20241118 14:53:40.973"/>
</kw>
<kw name="Run Application" library="AppLibrary">
<status status="PASS" starttime="20241118 14:53:40.973" endtime="20241118 14:53:40.973"/>
</kw>
<status status="PASS" starttime="20241118 14:53:40.973" endtime="20241118 14:53:40.973"/>
</kw>
<kw name="Output Should Contain" library="AppLibrary">
<arg>Invalid username or password</arg>
<status status="PASS" starttime="20241118 14:53:40.973" endtime="20241118 14:53:40.973"/>
</kw>
<status status="PASS" starttime="20241118 14:53:40.972" endtime="20241118 14:53:40.973"/>
</test>
<test id="s1-s1-t3" name="Login With Nonexistent Username" line="14">
<kw name="Create User And Input Login Command" type="SETUP">
<kw name="Create User" library="AppLibrary">
<arg>kalle</arg>
<arg>kalle123</arg>
<msg timestamp="20241118 14:53:40.973" level="INFO">Ok
Ok</msg>
<status status="PASS" starttime="20241118 14:53:40.973" endtime="20241118 14:53:40.973"/>
</kw>
<kw name="Input Login Command" library="resource">
<kw name="Input" library="AppLibrary">
<arg>login</arg>
<status status="PASS" starttime="20241118 14:53:40.974" endtime="20241118 14:53:40.974"/>
</kw>
<status status="PASS" starttime="20241118 14:53:40.973" endtime="20241118 14:53:40.974"/>
</kw>
<status status="PASS" starttime="20241118 14:53:40.973" endtime="20241118 14:53:40.974"/>
</kw>
<kw name="Input Credentials" library="resource">
<arg>pekka</arg>
<arg>kalle123</arg>
<kw name="Input" library="AppLibrary">
<arg>${username}</arg>
<status status="PASS" starttime="20241118 14:53:40.974" endtime="20241118 14:53:40.974"/>
</kw>
<kw name="Input" library="AppLibrary">
<arg>${password}</arg>
<status status="PASS" starttime="20241118 14:53:40.974" endtime="20241118 14:53:40.974"/>
</kw>
<kw name="Run Application" library="AppLibrary">
<status status="PASS" starttime="20241118 14:53:40.974" endtime="20241118 14:53:40.974"/>
</kw>
<status status="PASS" starttime="20241118 14:53:40.974" endtime="20241118 14:53:40.974"/>
</kw>
<kw name="Output Should Contain" library="AppLibrary">
<arg>Invalid username or password</arg>
<status status="PASS" starttime="20241118 14:53:40.974" endtime="20241118 14:53:40.974"/>
</kw>
<status status="PASS" starttime="20241118 14:53:40.973" endtime="20241118 14:53:40.974"/>
</test>
<status status="PASS" starttime="20241118 14:53:40.952" endtime="20241118 14:53:40.974"/>
</suite>
<suite id="s1-s2" name="Register" source="C:\Users\eeron\Yliopisto\Ohjelmistotuotanto\ohtukaksi\osa3\login-robot\src\tests\register.robot">
<test id="s1-s2-t1" name="Register With Valid Username And Password" line="6">
<kw name="Input New Command And Create User" type="SETUP">
<kw name="Input New Command" library="resource">
<kw name="Input" library="AppLibrary">
<arg>new</arg>
<status status="PASS" starttime="20241118 14:53:40.978" endtime="20241118 14:53:40.978"/>
</kw>
<status status="PASS" starttime="20241118 14:53:40.978" endtime="20241118 14:53:40.978"/>
</kw>
<kw name="Create User" library="AppLibrary">
<arg>kalle</arg>
<arg>kalle123</arg>
<msg timestamp="20241118 14:53:40.978" level="INFO">Ok
Ok</msg>
<status status="PASS" starttime="20241118 14:53:40.978" endtime="20241118 14:53:40.978"/>
</kw>
<status status="PASS" starttime="20241118 14:53:40.978" endtime="20241118 14:53:40.978"/>
</kw>
<kw name="Input New Command" library="resource">
<kw name="Input" library="AppLibrary">
<arg>new</arg>
<status status="PASS" starttime="20241118 14:53:40.979" endtime="20241118 14:53:40.979"/>
</kw>
<status status="PASS" starttime="20241118 14:53:40.978" endtime="20241118 14:53:40.979"/>
</kw>
<kw name="Create User" library="AppLibrary">
<arg>pekka</arg>
<arg>pekka123</arg>
<msg timestamp="20241118 14:53:40.979" level="INFO">Ok
Ok</msg>
<status status="PASS" starttime="20241118 14:53:40.979" endtime="20241118 14:53:40.979"/>
</kw>
<status status="PASS" starttime="20241118 14:53:40.978" endtime="20241118 14:53:40.979"/>
</test>
<test id="s1-s2-t2" name="Register With Already Taken Username And Valid Password" line="10">
<kw name="Input New Command And Create User" type="SETUP">
<kw name="Input New Command" library="resource">
<kw name="Input" library="AppLibrary">
<arg>new</arg>
<status status="PASS" starttime="20241118 14:53:40.979" endtime="20241118 14:53:40.979"/>
</kw>
<status status="PASS" starttime="20241118 14:53:40.979" endtime="20241118 14:53:40.979"/>
</kw>
<kw name="Create User" library="AppLibrary">
<arg>kalle</arg>
<arg>kalle123</arg>
<msg timestamp="20241118 14:53:40.980" level="INFO">Ok
Ok</msg>
<status status="PASS" starttime="20241118 14:53:40.979" endtime="20241118 14:53:40.980"/>
</kw>
<status status="PASS" starttime="20241118 14:53:40.979" endtime="20241118 14:53:40.980"/>
</kw>
<kw name="Input New Command" library="resource">
<kw name="Input" library="AppLibrary">
<arg>new</arg>
<status status="PASS" starttime="20241118 14:53:40.980" endtime="20241118 14:53:40.980"/>
</kw>
<status status="PASS" starttime="20241118 14:53:40.980" endtime="20241118 14:53:40.980"/>
</kw>
<kw name="Run Keyword And Expect Error" library="BuiltIn">
<arg>User with username kalle already exists</arg>
<arg>Create User</arg>
<arg>kalle</arg>
<arg>kalle123</arg>
<doc>Runs the keyword and checks that the expected error occurred.</doc>
<kw name="Create User" library="AppLibrary">
<arg>kalle</arg>
<arg>kalle123</arg>
<msg timestamp="20241118 14:53:40.980" level="INFO">Ok
Ok</msg>
<msg timestamp="20241118 14:53:40.980" level="FAIL">User with username kalle already exists</msg>
<status status="FAIL" starttime="20241118 14:53:40.980" endtime="20241118 14:53:40.981"/>
</kw>
<status status="PASS" starttime="20241118 14:53:40.980" endtime="20241118 14:53:40.981"/>
</kw>
<status status="PASS" starttime="20241118 14:53:40.979" endtime="20241118 14:53:40.982"/>
</test>
<test id="s1-s2-t3" name="Register With Too Short Username And Valid Password" line="14">
<kw name="Input New Command And Create User" type="SETUP">
<kw name="Input New Command" library="resource">
<kw name="Input" library="AppLibrary">
<arg>new</arg>
<status status="PASS" starttime="20241118 14:53:40.982" endtime="20241118 14:53:40.982"/>
</kw>
<status status="PASS" starttime="20241118 14:53:40.982" endtime="20241118 14:53:40.982"/>
</kw>
<kw name="Create User" library="AppLibrary">
<arg>kalle</arg>
<arg>kalle123</arg>
<msg timestamp="20241118 14:53:40.982" level="INFO">Ok
Ok</msg>
<status status="PASS" starttime="20241118 14:53:40.982" endtime="20241118 14:53:40.982"/>
</kw>
<status status="PASS" starttime="20241118 14:53:40.982" endtime="20241118 14:53:40.982"/>
</kw>
<kw name="Input New Command" library="resource">
<kw name="Input" library="AppLibrary">
<arg>new</arg>
<status status="PASS" starttime="20241118 14:53:40.982" endtime="20241118 14:53:40.982"/>
</kw>
<status status="PASS" starttime="20241118 14:53:40.982" endtime="20241118 14:53:40.983"/>
</kw>
<kw name="Run Keyword And Expect Error" library="BuiltIn">
<arg>Username is too short</arg>
<arg>Create User</arg>
<arg>ka</arg>
<arg>kalle123</arg>
<doc>Runs the keyword and checks that the expected error occurred.</doc>
<kw name="Create User" library="AppLibrary">
<arg>ka</arg>
<arg>kalle123</arg>
<msg timestamp="20241118 14:53:40.983" level="FAIL">Username is too short</msg>
<status status="FAIL" starttime="20241118 14:53:40.983" endtime="20241118 14:53:40.983"/>
</kw>
<status status="PASS" starttime="20241118 14:53:40.983" endtime="20241118 14:53:40.984"/>
</kw>
<status status="PASS" starttime="20241118 14:53:40.982" endtime="20241118 14:53:40.984"/>
</test>
<test id="s1-s2-t4" name="Register With Enough Long But Invalid Username And Valid Password" line="18">
<kw name="Input New Command And Create User" type="SETUP">
<kw name="Input New Command" library="resource">
<kw name="Input" library="AppLibrary">
<arg>new</arg>
<status status="PASS" starttime="20241118 14:53:40.984" endtime="20241118 14:53:40.984"/>
</kw>
<status status="PASS" starttime="20241118 14:53:40.984" endtime="20241118 14:53:40.984"/>
</kw>
<kw name="Create User" library="AppLibrary">
<arg>kalle</arg>
<arg>kalle123</arg>
<msg timestamp="20241118 14:53:40.984" level="INFO">Ok
Ok</msg>
<status status="PASS" starttime="20241118 14:53:40.984" endtime="20241118 14:53:40.984"/>
</kw>
<status status="PASS" starttime="20241118 14:53:40.984" endtime="20241118 14:53:40.984"/>
</kw>
<kw name="Input New Command" library="resource">
<kw name="Input" library="AppLibrary">
<arg>new</arg>
<status status="PASS" starttime="20241118 14:53:40.985" endtime="20241118 14:53:40.985"/>
</kw>
<status status="PASS" starttime="20241118 14:53:40.984" endtime="20241118 14:53:40.985"/>
</kw>
<kw name="Run Keyword And Expect Error" library="BuiltIn">
<arg>Invalid username</arg>
<arg>Create User</arg>
<arg>kalle?</arg>
<arg>kalle123</arg>
<doc>Runs the keyword and checks that the expected error occurred.</doc>
<kw name="Create User" library="AppLibrary">
<arg>kalle?</arg>
<arg>kalle123</arg>
<msg timestamp="20241118 14:53:40.985" level="FAIL">Invalid username</msg>
<status status="FAIL" starttime="20241118 14:53:40.985" endtime="20241118 14:53:40.985"/>
</kw>
<status status="PASS" starttime="20241118 14:53:40.985" endtime="20241118 14:53:40.985"/>
</kw>
<status status="PASS" starttime="20241118 14:53:40.984" endtime="20241118 14:53:40.985"/>
</test>
<test id="s1-s2-t5" name="Register With Valid Username And Too Short Password" line="22">
<kw name="Input New Command And Create User" type="SETUP">
<kw name="Input New Command" library="resource">
<kw name="Input" library="AppLibrary">
<arg>new</arg>
<status status="PASS" starttime="20241118 14:53:40.986" endtime="20241118 14:53:40.986"/>
</kw>
<status status="PASS" starttime="20241118 14:53:40.986" endtime="20241118 14:53:40.986"/>
</kw>
<kw name="Create User" library="AppLibrary">
<arg>kalle</arg>
<arg>kalle123</arg>
<msg timestamp="20241118 14:53:40.986" level="INFO">Ok
Ok</msg>
<status status="PASS" starttime="20241118 14:53:40.986" endtime="20241118 14:53:40.986"/>
</kw>
<status status="PASS" starttime="20241118 14:53:40.986" endtime="20241118 14:53:40.986"/>
</kw>
<kw name="Input New Command" library="resource">
<kw name="Input" library="AppLibrary">
<arg>new</arg>
<status status="PASS" starttime="20241118 14:53:40.986" endtime="20241118 14:53:40.986"/>
</kw>
<status status="PASS" starttime="20241118 14:53:40.986" endtime="20241118 14:53:40.986"/>
</kw>
<kw name="Run Keyword And Expect Error" library="BuiltIn">
<arg>Password is too short</arg>
<arg>Create User</arg>
<arg>pekka</arg>
<arg>kalle12</arg>
<doc>Runs the keyword and checks that the expected error occurred.</doc>
<kw name="Create User" library="AppLibrary">
<arg>pekka</arg>
<arg>kalle12</arg>
<msg timestamp="20241118 14:53:40.987" level="INFO">Ok</msg>
<msg timestamp="20241118 14:53:40.987" level="FAIL">Password is too short</msg>
<status status="FAIL" starttime="20241118 14:53:40.986" endtime="20241118 14:53:40.987"/>
</kw>
<status status="PASS" starttime="20241118 14:53:40.986" endtime="20241118 14:53:40.987"/>
</kw>
<status status="PASS" starttime="20241118 14:53:40.985" endtime="20241118 14:53:40.987"/>
</test>
<test id="s1-s2-t6" name="Register With Valid Username And Long Enough Password Containing Only Letters" line="26">
<kw name="Input New Command And Create User" type="SETUP">
<kw name="Input New Command" library="resource">
<kw name="Input" library="AppLibrary">
<arg>new</arg>
<status status="PASS" starttime="20241118 14:53:40.988" endtime="20241118 14:53:40.988"/>
</kw>
<status status="PASS" starttime="20241118 14:53:40.988" endtime="20241118 14:53:40.988"/>
</kw>
<kw name="Create User" library="AppLibrary">
<arg>kalle</arg>
<arg>kalle123</arg>
<msg timestamp="20241118 14:53:40.988" level="INFO">Ok
Ok</msg>
<status status="PASS" starttime="20241118 14:53:40.988" endtime="20241118 14:53:40.988"/>
</kw>
<status status="PASS" starttime="20241118 14:53:40.987" endtime="20241118 14:53:40.988"/>
</kw>
<kw name="Input New Command" library="resource">
<kw name="Input" library="AppLibrary">
<arg>new</arg>
<status status="PASS" starttime="20241118 14:53:40.988" endtime="20241118 14:53:40.988"/>
</kw>
<status status="PASS" starttime="20241118 14:53:40.988" endtime="20241118 14:53:40.988"/>
</kw>
<kw name="Run Keyword And Expect Error" library="BuiltIn">
<arg>Invalid password</arg>
<arg>Create User</arg>
<arg>pekka</arg>
<arg>kalleyksi</arg>
<doc>Runs the keyword and checks that the expected error occurred.</doc>
<kw name="Create User" library="AppLibrary">
<arg>pekka</arg>
<arg>kalleyksi</arg>
<msg timestamp="20241118 14:53:40.988" level="INFO">Ok</msg>
<msg timestamp="20241118 14:53:40.988" level="FAIL">Invalid password</msg>
<status status="FAIL" starttime="20241118 14:53:40.988" endtime="20241118 14:53:40.989"/>
</kw>
<status status="PASS" starttime="20241118 14:53:40.988" endtime="20241118 14:53:40.989"/>
</kw>
<status status="PASS" starttime="20241118 14:53:40.987" endtime="20241118 14:53:40.989"/>
</test>
<status status="PASS" starttime="20241118 14:53:40.975" endtime="20241118 14:53:40.989"/>
</suite>
<status status="PASS" starttime="20241118 14:53:40.929" endtime="20241118 14:53:40.989"/>
</suite>
<statistics>
<total>
<stat pass="9" fail="0" skip="0">All Tests</stat>
</total>
<tag>
</tag>
<suite>
<stat pass="9" fail="0" skip="0" id="s1" name="Tests">Tests</stat>
<stat pass="3" fail="0" skip="0" id="s1-s1" name="Login">Tests.Login</stat>
<stat pass="6" fail="0" skip="0" id="s1-s2" name="Register">Tests.Register</stat>
</suite>
</statistics>
<errors>
</errors>
</robot>
