<?xml version="1.0" encoding="UTF-8"?>
<robot generator="Robot 6.1.1 (Python 3.13.0 on win32)" generated="20241117 14:52:46.094" rpa="false" schemaversion="4">
<suite id="s1" name="Tests" source="C:\Users\eeron\Yliopisto\Ohjelmistotuotanto\ohtukaksi\osa3\login-robot\src\tests">
<suite id="s1-s1" name="Login" source="C:\Users\eeron\Yliopisto\Ohjelmistotuotanto\ohtukaksi\osa3\login-robot\src\tests\login.robot">
<test id="s1-s1-t1" name="Login With Correct Credentials" line="6">
<kw name="Create User And Input Login Command" type="SETUP">
<kw name="Create User" library="AppLibrary">
<arg>kalle</arg>
<arg>kalle123</arg>
<msg timestamp="20241117 14:52:46.128" level="INFO">Ok
Ok</msg>
<status status="PASS" starttime="20241117 14:52:46.128" endtime="20241117 14:52:46.128"/>
</kw>
<kw name="Input Login Command" library="resource">
<kw name="Input" library="AppLibrary">
<arg>login</arg>
<status status="PASS" starttime="20241117 14:52:46.129" endtime="20241117 14:52:46.129"/>
</kw>
<status status="PASS" starttime="20241117 14:52:46.128" endtime="20241117 14:52:46.129"/>
</kw>
<status status="PASS" starttime="20241117 14:52:46.128" endtime="20241117 14:52:46.129"/>
</kw>
<kw name="Input Credentials" library="resource">
<arg>kalle</arg>
<arg>kalle123</arg>
<kw name="Input" library="AppLibrary">
<arg>${username}</arg>
<status status="PASS" starttime="20241117 14:52:46.129" endtime="20241117 14:52:46.129"/>
</kw>
<kw name="Input" library="AppLibrary">
<arg>${password}</arg>
<status status="PASS" starttime="20241117 14:52:46.129" endtime="20241117 14:52:46.129"/>
</kw>
<kw name="Run Application" library="AppLibrary">
<status status="PASS" starttime="20241117 14:52:46.129" endtime="20241117 14:52:46.129"/>
</kw>
<status status="PASS" starttime="20241117 14:52:46.129" endtime="20241117 14:52:46.129"/>
</kw>
<kw name="Output Should Contain" library="AppLibrary">
<arg>Logged in</arg>
<status status="PASS" starttime="20241117 14:52:46.129" endtime="20241117 14:52:46.129"/>
</kw>
<status status="PASS" starttime="20241117 14:52:46.128" endtime="20241117 14:52:46.129"/>
</test>
<test id="s1-s1-t2" name="Login With Incorrect Password" line="10">
<kw name="Create User And Input Login Command" type="SETUP">
<kw name="Create User" library="AppLibrary">
<arg>kalle</arg>
<arg>kalle123</arg>
<msg timestamp="20241117 14:52:46.130" level="INFO">Ok
Ok</msg>
<status status="PASS" starttime="20241117 14:52:46.130" endtime="20241117 14:52:46.130"/>
</kw>
<kw name="Input Login Command" library="resource">
<kw name="Input" library="AppLibrary">
<arg>login</arg>
<status status="PASS" starttime="20241117 14:52:46.130" endtime="20241117 14:52:46.130"/>
</kw>
<status status="PASS" starttime="20241117 14:52:46.130" endtime="20241117 14:52:46.130"/>
</kw>
<status status="PASS" starttime="20241117 14:52:46.130" endtime="20241117 14:52:46.130"/>
</kw>
<kw name="Input Credentials" library="resource">
<arg>kalle</arg>
<arg>pekka123</arg>
<kw name="Input" library="AppLibrary">
<arg>${username}</arg>
<status status="PASS" starttime="20241117 14:52:46.130" endtime="20241117 14:52:46.130"/>
</kw>
<kw name="Input" library="AppLibrary">
<arg>${password}</arg>
<status status="PASS" starttime="20241117 14:52:46.130" endtime="20241117 14:52:46.130"/>
</kw>
<kw name="Run Application" library="AppLibrary">
<status status="PASS" starttime="20241117 14:52:46.130" endtime="20241117 14:52:46.130"/>
</kw>
<status status="PASS" starttime="20241117 14:52:46.130" endtime="20241117 14:52:46.131"/>
</kw>
<kw name="Output Should Contain" library="AppLibrary">
<arg>Invalid username or password</arg>
<status status="PASS" starttime="20241117 14:52:46.131" endtime="20241117 14:52:46.131"/>
</kw>
<status status="PASS" starttime="20241117 14:52:46.129" endtime="20241117 14:52:46.131"/>
</test>
<test id="s1-s1-t3" name="Login With Nonexistent Username" line="14">
<kw name="Create User And Input Login Command" type="SETUP">
<kw name="Create User" library="AppLibrary">
<arg>kalle</arg>
<arg>kalle123</arg>
<msg timestamp="20241117 14:52:46.131" level="INFO">Ok
Ok</msg>
<status status="PASS" starttime="20241117 14:52:46.131" endtime="20241117 14:52:46.131"/>
</kw>
<kw name="Input Login Command" library="resource">
<kw name="Input" library="AppLibrary">
<arg>login</arg>
<status status="PASS" starttime="20241117 14:52:46.131" endtime="20241117 14:52:46.131"/>
</kw>
<status status="PASS" starttime="20241117 14:52:46.131" endtime="20241117 14:52:46.131"/>
</kw>
<status status="PASS" starttime="20241117 14:52:46.131" endtime="20241117 14:52:46.131"/>
</kw>
<kw name="Input Credentials" library="resource">
<arg>pekka</arg>
<arg>kalle123</arg>
<kw name="Input" library="AppLibrary">
<arg>${username}</arg>
<status status="PASS" starttime="20241117 14:52:46.131" endtime="20241117 14:52:46.132"/>
</kw>
<kw name="Input" library="AppLibrary">
<arg>${password}</arg>
<status status="PASS" starttime="20241117 14:52:46.132" endtime="20241117 14:52:46.132"/>
</kw>
<kw name="Run Application" library="AppLibrary">
<status status="PASS" starttime="20241117 14:52:46.132" endtime="20241117 14:52:46.132"/>
</kw>
<status status="PASS" starttime="20241117 14:52:46.131" endtime="20241117 14:52:46.132"/>
</kw>
<kw name="Output Should Contain" library="AppLibrary">
<arg>Invalid username or password</arg>
<status status="PASS" starttime="20241117 14:52:46.132" endtime="20241117 14:52:46.132"/>
</kw>
<status status="PASS" starttime="20241117 14:52:46.131" endtime="20241117 14:52:46.132"/>
</test>
<status status="PASS" starttime="20241117 14:52:46.119" endtime="20241117 14:52:46.132"/>
</suite>
<suite id="s1-s2" name="Register" source="C:\Users\eeron\Yliopisto\Ohjelmistotuotanto\ohtukaksi\osa3\login-robot\src\tests\register.robot">
<test id="s1-s2-t1" name="Register With Valid Username And Password" line="6">
<kw name="Input New Command And Create User" type="SETUP">
<kw name="Input New Command" library="resource">
<kw name="Input" library="AppLibrary">
<arg>new</arg>
<status status="PASS" starttime="20241117 14:52:46.134" endtime="20241117 14:52:46.134"/>
</kw>
<status status="PASS" starttime="20241117 14:52:46.134" endtime="20241117 14:52:46.135"/>
</kw>
<kw name="Create User" library="AppLibrary">
<arg>kalle</arg>
<arg>kalle123</arg>
<msg timestamp="20241117 14:52:46.135" level="INFO">Ok
Ok</msg>
<status status="PASS" starttime="20241117 14:52:46.135" endtime="20241117 14:52:46.135"/>
</kw>
<status status="PASS" starttime="20241117 14:52:46.134" endtime="20241117 14:52:46.135"/>
</kw>
<kw name="Input New Command" library="resource">
<kw name="Input" library="AppLibrary">
<arg>new</arg>
<status status="PASS" starttime="20241117 14:52:46.135" endtime="20241117 14:52:46.135"/>
</kw>
<status status="PASS" starttime="20241117 14:52:46.135" endtime="20241117 14:52:46.135"/>
</kw>
<kw name="Create User" library="AppLibrary">
<arg>pekka</arg>
<arg>pekka123</arg>
<msg timestamp="20241117 14:52:46.135" level="INFO">Ok
Ok</msg>
<status status="PASS" starttime="20241117 14:52:46.135" endtime="20241117 14:52:46.135"/>
</kw>
<status status="PASS" starttime="20241117 14:52:46.134" endtime="20241117 14:52:46.135"/>
</test>
<test id="s1-s2-t2" name="Register With Already Taken Username And Valid Password" line="10">
<kw name="Input New Command And Create User" type="SETUP">
<kw name="Input New Command" library="resource">
<kw name="Input" library="AppLibrary">
<arg>new</arg>
<status status="PASS" starttime="20241117 14:52:46.136" endtime="20241117 14:52:46.136"/>
</kw>
<status status="PASS" starttime="20241117 14:52:46.135" endtime="20241117 14:52:46.136"/>
</kw>
<kw name="Create User" library="AppLibrary">
<arg>kalle</arg>
<arg>kalle123</arg>
<msg timestamp="20241117 14:52:46.136" level="INFO">Ok
Ok</msg>
<status status="PASS" starttime="20241117 14:52:46.136" endtime="20241117 14:52:46.136"/>
</kw>
<status status="PASS" starttime="20241117 14:52:46.135" endtime="20241117 14:52:46.136"/>
</kw>
<kw name="Input New Command" library="resource">
<kw name="Input" library="AppLibrary">
<arg>new</arg>
<status status="PASS" starttime="20241117 14:52:46.136" endtime="20241117 14:52:46.136"/>
</kw>
<status status="PASS" starttime="20241117 14:52:46.136" endtime="20241117 14:52:46.136"/>
</kw>
<kw name="Create User" library="AppLibrary">
<arg>kalle</arg>
<arg>kalle123</arg>
<msg timestamp="20241117 14:52:46.136" level="INFO">Ok
Ok</msg>
<msg timestamp="20241117 14:52:46.136" level="FAIL">User with username kalle already exists</msg>
<status status="FAIL" starttime="20241117 14:52:46.136" endtime="20241117 14:52:46.137"/>
</kw>
<status status="FAIL" starttime="20241117 14:52:46.135" endtime="20241117 14:52:46.137">User with username kalle already exists</status>
</test>
<test id="s1-s2-t3" name="Register With Too Short Username And Valid Password" line="14">
<status status="FAIL" starttime="20241117 14:52:46.137" endtime="20241117 14:52:46.138">Test cannot be empty.</status>
</test>
<test id="s1-s2-t4" name="Register With Enough Long But Invalid Username And Valid Password" line="17">
<kw name="Input New Command And Create User" type="SETUP">
<kw name="Input New Command" library="resource">
<kw name="Input" library="AppLibrary">
<arg>new</arg>
<status status="PASS" starttime="20241117 14:52:46.138" endtime="20241117 14:52:46.138"/>
</kw>
<status status="PASS" starttime="20241117 14:52:46.138" endtime="20241117 14:52:46.138"/>
</kw>
<kw name="Create User" library="AppLibrary">
<arg>kalle</arg>
<arg>kalle123</arg>
<msg timestamp="20241117 14:52:46.138" level="INFO">Ok
Ok</msg>
<status status="PASS" starttime="20241117 14:52:46.138" endtime="20241117 14:52:46.138"/>
</kw>
<status status="PASS" starttime="20241117 14:52:46.138" endtime="20241117 14:52:46.138"/>
</kw>
<kw name="Input New Command" library="resource">
<kw name="Input" library="AppLibrary">
<arg>new</arg>
<status status="PASS" starttime="20241117 14:52:46.139" endtime="20241117 14:52:46.139"/>
</kw>
<status status="PASS" starttime="20241117 14:52:46.138" endtime="20241117 14:52:46.139"/>
</kw>
<kw name="Create User" library="AppLibrary">
<arg>kalle?</arg>
<arg>kalle123</arg>
<msg timestamp="20241117 14:52:46.139" level="INFO">Invalid
Ok</msg>
<status status="PASS" starttime="20241117 14:52:46.139" endtime="20241117 14:52:46.139"/>
</kw>
<kw name="Output Should Contain" library="AppLibrary">
<arg>Logged in</arg>
<msg timestamp="20241117 14:52:46.139" level="FAIL">Output "Logged in" is not in []</msg>
<status status="FAIL" starttime="20241117 14:52:46.139" endtime="20241117 14:52:46.139"/>
</kw>
<status status="FAIL" starttime="20241117 14:52:46.138" endtime="20241117 14:52:46.140">Output "Logged in" is not in []</status>
</test>
<test id="s1-s2-t5" name="Register With Valid Username And Too Short Password" line="22">
<status status="FAIL" starttime="20241117 14:52:46.140" endtime="20241117 14:52:46.140">Test cannot be empty.</status>
</test>
<test id="s1-s2-t6" name="Register With Valid Username And Long Enough Password Containing Only Letters" line="25">
<status status="FAIL" starttime="20241117 14:52:46.140" endtime="20241117 14:52:46.140">Test cannot be empty.</status>
</test>
<status status="FAIL" starttime="20241117 14:52:46.132" endtime="20241117 14:52:46.140"/>
</suite>
<status status="FAIL" starttime="20241117 14:52:46.095" endtime="20241117 14:52:46.141"/>
</suite>
<statistics>
<total>
<stat pass="4" fail="5" skip="0">All Tests</stat>
</total>
<tag>
</tag>
<suite>
<stat pass="4" fail="5" skip="0" id="s1" name="Tests">Tests</stat>
<stat pass="3" fail="0" skip="0" id="s1-s1" name="Login">Tests.Login</stat>
<stat pass="1" fail="5" skip="0" id="s1-s2" name="Register">Tests.Register</stat>
</suite>
</statistics>
<errors>
</errors>
</robot>
